<html>
<head>
<title>TestNG:  ParallelClassesTest</title>
<link href="../testng.css" rel="stylesheet" type="text/css" />
<link href="../my-testng.css" rel="stylesheet" type="text/css" />

<style type="text/css">
.log { display: none;} 
.stack-trace { display: none;} 
</style>
<script type="text/javascript">
<!--
function flip(e) {
  current = e.style.display;
  if (current == 'block') {
    e.style.display = 'none';
    return 0;
  }
  else {
    e.style.display = 'block';
    return 1;
  }
}

function toggleBox(szDivId, elem, msg1, msg2)
{
  var res = -1;  if (document.getElementById) {
    res = flip(document.getElementById(szDivId));
  }
  else if (document.all) {
    // this is the way old msie versions work
    res = flip(document.all[szDivId]);
  }
  if(elem) {
    if(res == 0) elem.innerHTML = msg1; else elem.innerHTML = msg2;
  }

}

function toggleAllBoxes() {
  if (document.getElementsByTagName) {
    d = document.getElementsByTagName('div');
    for (i = 0; i < d.length; i++) {
      if (d[i].className == 'log') {
        flip(d[i]);
      }
    }
  }
}

// -->
</script>

</head>
<body>
<h2 align='center'>ParallelClassesTest</h2><table border='1' align="center">
<tr>
<td>Tests passed/Failed/Skipped:</td><td>7/1/0</td>
</tr><tr>
<td>Started on:</td><td>Sat Jun 13 16:56:43 IST 2020</td>
</tr>
<tr><td>Total time:</td><td>78 seconds (78925 ms)</td>
</tr><tr>
<td>Included groups:</td><td></td>
</tr><tr>
<td>Excluded groups:</td><td></td>
</tr>
</table><p/>
<small><i>(Hover the method name to see the test class name)</i></small><p/>
<table width='100%' border='1' class='invocation-failed'>
<tr><td colspan='4' align='center'><b>FAILED TESTS</b></td></tr>
<tr><td><b>Test method</b></td>
<td width="30%"><b>Exception</b></td>
<td width="10%"><b>Time (seconds)</b></td>
<td><b>Instance</b></td>
</tr>
<tr>
<td title='testngprograms.ZKDemoTest.tweetPopupTest()'><b>tweetPopupTest</b><br>Test class: testngprograms.ZKDemoTest<br>Test method: handing the tweet popup test<br/>
<a href="#Output-1326182166" onClick='toggleBox("Output-1326182166", this, "Show output", "Hide output");'>Show output</a>

<a href="#Output-1326182166" onClick="toggleAllBoxes();">Show all outputs</a>
<div class='log' id="Output-1326182166">
Started executing the tweetPopupTest<br/>
click on Date and Time Picker link in left panel<br/>
verify the page title<br/>
identify the iframe<br/>
Switch to the iframe element<br/>
click on Tweet button<br/>
fetch all window ids<br/>
parent window id-->CDwindow-4969179F50DD13C78198C61D0D880461<br/>
child window id -->CDwindow-6125CD0E664B1E1FD5C95379A7DE0206<br/>
switch to child window<br/>
type the email in tweet popup email editbox<br/>
</div>
</td>
<td><div><pre>org.openqa.selenium.StaleElementReferenceException: stale element reference: element is not attached to the page document
  (Session info: chrome=83.0.4103.97)
For documentation on this error, please visit: https://www.seleniumhq.org/exceptions/stale_element_reference.html
Build info: version: &apos;3.141.59&apos;, revision: &apos;e82be7d358&apos;, time: &apos;2018-11-14T08:25:48&apos;
System info: host: &apos;DESKTOP-0M1MH5T&apos;, ip: &apos;192.168.0.187&apos;, os.name: &apos;Windows 10&apos;, os.arch: &apos;amd64&apos;, os.version: &apos;10.0&apos;, java.version: &apos;1.8.0_241&apos;
Driver info: org.openqa.selenium.chrome.ChromeDriver
Capabilities {acceptInsecureCerts: false, browserName: chrome, browserVersion: 83.0.4103.97, chrome: {chromedriverVersion: 83.0.4103.39 (ccbf011cb2d2b..., userDataDir: C:\Users\LENOVO\AppData\Loc...}, goog:chromeOptions: {debuggerAddress: localhost:56374}, javascriptEnabled: true, networkConnectionEnabled: false, pageLoadStrategy: normal, platform: WINDOWS, platformName: WINDOWS, proxy: Proxy(), setWindowRect: true, strictFileInteractability: false, timeouts: {implicit: 0, pageLoad: 300000, script: 30000}, unhandledPromptBehavior: dismiss and notify, webauthn:virtualAuthenticators: true}
Session ID: f8f69aeb7c6fccb4d90eca480b7d3a57
	at org.openqa.selenium.remote.http.W3CHttpResponseCodec.createException(W3CHttpResponseCodec.java:187)
	at org.openqa.selenium.remote.http.W3CHttpResponseCodec.decode(W3CHttpResponseCodec.java:122)
	at org.openqa.selenium.remote.http.W3CHttpResponseCodec.decode(W3CHttpResponseCodec.java:49)
	at org.openqa.selenium.remote.HttpCommandExecutor.execute(HttpCommandExecutor.java:158)
	at org.openqa.selenium.remote.service.DriverCommandExecutor.execute(DriverCommandExecutor.java:83)
	at org.openqa.selenium.remote.RemoteWebDriver.execute(RemoteWebDriver.java:552)
	at org.openqa.selenium.remote.RemoteWebElement.execute(RemoteWebElement.java:285)
	at org.openqa.selenium.remote.RemoteWebElement.sendKeys(RemoteWebElement.java:106)
	at testngprograms.ZKDemoTest.tweetPopupTest(ZKDemoTest.java:64)
	at java.util.concurrent.ThreadPoolExecutor.runWorker(ThreadPoolExecutor.java:1149)
	at java.util.concurrent.ThreadPoolExecutor$Worker.run(ThreadPoolExecutor.java:624)
	at java.lang.Thread.run(Thread.java:748)
... Removed 16 stack frames</pre></div><a href='#' onClick='toggleBox("stack-trace1326182166", this, "Click to show all stack frames", "Click to hide stack frames")'>Click to show all stack frames</a>
<div class='stack-trace' id='stack-trace1326182166'><pre>org.openqa.selenium.StaleElementReferenceException: stale element reference: element is not attached to the page document
  (Session info: chrome=83.0.4103.97)
For documentation on this error, please visit: https://www.seleniumhq.org/exceptions/stale_element_reference.html
Build info: version: &apos;3.141.59&apos;, revision: &apos;e82be7d358&apos;, time: &apos;2018-11-14T08:25:48&apos;
System info: host: &apos;DESKTOP-0M1MH5T&apos;, ip: &apos;192.168.0.187&apos;, os.name: &apos;Windows 10&apos;, os.arch: &apos;amd64&apos;, os.version: &apos;10.0&apos;, java.version: &apos;1.8.0_241&apos;
Driver info: org.openqa.selenium.chrome.ChromeDriver
Capabilities {acceptInsecureCerts: false, browserName: chrome, browserVersion: 83.0.4103.97, chrome: {chromedriverVersion: 83.0.4103.39 (ccbf011cb2d2b..., userDataDir: C:\Users\LENOVO\AppData\Loc...}, goog:chromeOptions: {debuggerAddress: localhost:56374}, javascriptEnabled: true, networkConnectionEnabled: false, pageLoadStrategy: normal, platform: WINDOWS, platformName: WINDOWS, proxy: Proxy(), setWindowRect: true, strictFileInteractability: false, timeouts: {implicit: 0, pageLoad: 300000, script: 30000}, unhandledPromptBehavior: dismiss and notify, webauthn:virtualAuthenticators: true}
Session ID: f8f69aeb7c6fccb4d90eca480b7d3a57
	at sun.reflect.NativeConstructorAccessorImpl.newInstance0(Native Method)
	at sun.reflect.NativeConstructorAccessorImpl.newInstance(NativeConstructorAccessorImpl.java:62)
	at sun.reflect.DelegatingConstructorAccessorImpl.newInstance(DelegatingConstructorAccessorImpl.java:45)
	at java.lang.reflect.Constructor.newInstance(Constructor.java:423)
	at org.openqa.selenium.remote.http.W3CHttpResponseCodec.createException(W3CHttpResponseCodec.java:187)
	at org.openqa.selenium.remote.http.W3CHttpResponseCodec.decode(W3CHttpResponseCodec.java:122)
	at org.openqa.selenium.remote.http.W3CHttpResponseCodec.decode(W3CHttpResponseCodec.java:49)
	at org.openqa.selenium.remote.HttpCommandExecutor.execute(HttpCommandExecutor.java:158)
	at org.openqa.selenium.remote.service.DriverCommandExecutor.execute(DriverCommandExecutor.java:83)
	at org.openqa.selenium.remote.RemoteWebDriver.execute(RemoteWebDriver.java:552)
	at org.openqa.selenium.remote.RemoteWebElement.execute(RemoteWebElement.java:285)
	at org.openqa.selenium.remote.RemoteWebElement.sendKeys(RemoteWebElement.java:106)
	at testngprograms.ZKDemoTest.tweetPopupTest(ZKDemoTest.java:64)
	at sun.reflect.NativeMethodAccessorImpl.invoke0(Native Method)
	at sun.reflect.NativeMethodAccessorImpl.invoke(NativeMethodAccessorImpl.java:62)
	at sun.reflect.DelegatingMethodAccessorImpl.invoke(DelegatingMethodAccessorImpl.java:43)
	at java.lang.reflect.Method.invoke(Method.java:498)
	at org.testng.internal.MethodInvocationHelper.invokeMethod(MethodInvocationHelper.java:133)
	at org.testng.internal.TestInvoker.invokeMethod(TestInvoker.java:584)
	at org.testng.internal.TestInvoker.invokeTestMethod(TestInvoker.java:172)
	at org.testng.internal.MethodRunner.runInSequence(MethodRunner.java:46)
	at org.testng.internal.TestInvoker$MethodInvocationAgent.invoke(TestInvoker.java:804)
	at org.testng.internal.TestInvoker.invokeTestMethods(TestInvoker.java:145)
	at org.testng.internal.TestMethodWorker.invokeTestMethods(TestMethodWorker.java:146)
	at org.testng.internal.TestMethodWorker.run(TestMethodWorker.java:128)
	at java.util.concurrent.ThreadPoolExecutor.runWorker(ThreadPoolExecutor.java:1149)
	at java.util.concurrent.ThreadPoolExecutor$Worker.run(ThreadPoolExecutor.java:624)
	at java.lang.Thread.run(Thread.java:748)
</pre></div></td>
<td>10</td>
<td>testngprograms.ZKDemoTest@6ebc05a6</td></tr>
</table><p>
<table width='100%' border='1' class='invocation-passed'>
<tr><td colspan='4' align='center'><b>PASSED TESTS</b></td></tr>
<tr><td><b>Test method</b></td>
<td width="30%"><b>Exception</b></td>
<td width="10%"><b>Time (seconds)</b></td>
<td><b>Instance</b></td>
</tr>
<tr>
<td title='testngprograms.ZKDemoTest.buttonTest()'><b>buttonTest</b><br>Test class: testngprograms.ZKDemoTest<br>Test method: fetching all the button names<br/>
<a href="#Output-747763988" onClick='toggleBox("Output-747763988", this, "Show output", "Hide output");'>Show output</a>

<a href="#Output-747763988" onClick="toggleAllBoxes();">Show all outputs</a>
<div class='log' id="Output-747763988">
Started executing the buttonTest<br/>
click on Button link in left panel<br/>
verify the page title<br/>
fetch all the buttons into collection<br/>
Number of buttons:11<br/>
button Name:Just Label<br/>
button Name:<br/>
button Name:Icon with Label<br/>
button Name:Reversed Order<br/>
button Name:Vertical<br/>
button Name:Reverse<br/>
button Name:Left<br/>
button Name:Right<br/>
button Name:Above<br/>
button Name:Below<br/>
button Name:<br/>
</div>
</td>
<td></td>
<td>2</td>
<td>testngprograms.ZKDemoTest@6ebc05a6</td></tr>
<tr>
<td title='testngprograms.ZKDemoTest.checkboxTest()'><b>checkboxTest</b><br>Test class: testngprograms.ZKDemoTest<br>Test method: checking all the checkboxes<br/>
<a href="#Output-1119440891" onClick='toggleBox("Output-1119440891", this, "Show output", "Hide output");'>Show output</a>

<a href="#Output-1119440891" onClick="toggleAllBoxes();">Show all outputs</a>
<div class='log' id="Output-1119440891">
Started executing the checkboxTest<br/>
click on Checkbox link in left panel<br/>
verify the page title<br/>
fetch all thecheckboxes into collection<br/>
Number of checkboxes:5<br/>
checked checkboxes are: Box Table Portal Column<br/>
</div>
</td>
<td></td>
<td>20</td>
<td>testngprograms.ZKDemoTest@6ebc05a6</td></tr>
<tr>
<td title='testngprograms.CheckboxCountTest.checkedCheckboxCountTest()'><b>checkedCheckboxCountTest</b><br>Test class: testngprograms.CheckboxCountTest</td>
<td></td>
<td>0</td>
<td>testngprograms.CheckboxCountTest@6e6c3152</td></tr>
<tr>
<td title='testngprograms.GoogleSuggestionTest.googleSuggestionTest()'><b>googleSuggestionTest</b><br>Test class: testngprograms.GoogleSuggestionTest</td>
<td></td>
<td>17</td>
<td>testngprograms.GoogleSuggestionTest@1dfe2924</td></tr>
<tr>
<td title='testngprograms.ZKDemoTest.radioButtonTest()'><b>radioButtonTest</b><br>Test class: testngprograms.ZKDemoTest<br>Test method: select few radio buttons<br/>
<a href="#Output-1313648811" onClick='toggleBox("Output-1313648811", this, "Show output", "Hide output");'>Show output</a>

<a href="#Output-1313648811" onClick="toggleAllBoxes();">Show all outputs</a>
<div class='log' id="Output-1313648811">
Started executing the radioButtonTest<br/>
click on Radio Button link in left panel<br/>
verify the page title<br/>
Select the Performance radio button<br/>
Select the Forum radio button<br/>
Select the Developer Guide radio button<br/>
fetch the Feature value<br/>
Feature value is::Performance<br/>
fetch the Web Site value<br/>
Web Site value is::ZK Demo<br/>
fetch the Documentation value<br/>
Feature value is::Developer Guide<br/>
</div>
</td>
<td></td>
<td>4</td>
<td>testngprograms.ZKDemoTest@6ebc05a6</td></tr>
<tr>
<td title='testngprograms.CheckboxCountTest.totalCheckboxCountTest()'><b>totalCheckboxCountTest</b><br>Test class: testngprograms.CheckboxCountTest</td>
<td></td>
<td>0</td>
<td>testngprograms.CheckboxCountTest@6e6c3152</td></tr>
<tr>
<td title='testngprograms.CheckboxCountTest.unCheckedCheckboxCountTest()'><b>unCheckedCheckboxCountTest</b><br>Test class: testngprograms.CheckboxCountTest</td>
<td></td>
<td>0</td>
<td>testngprograms.CheckboxCountTest@6e6c3152</td></tr>
</table><p>
</body>
</html>