<?xml version="1.0" encoding="UTF-8"?>
<!-- Generated by org.testng.reporters.JUnitXMLReporter -->
<testsuite hostname="DESKTOP-0M1MH5T" ignored="0" name="ParametersTest" tests="3" failures="1" timestamp="2020-06-12T17:14:35 IST" time="37.369" errors="0">
  <testcase name="linkedinHomeTest" time="2.689" classname="testngprograms.DependsOnMethodsDemo">
    <failure type="java.lang.AssertionError" message="HomeTest failed">
      <![CDATA[java.lang.AssertionError: HomeTest failed
at testngprograms.DependsOnMethodsDemo.linkedinHomeTest(DependsOnMethodsDemo.java:47)
at java.util.ArrayList.forEach(ArrayList.java:1257)
... Removed 28 stack frames]]>
    </failure>
  </testcase> <!-- linkedinHomeTest -->
  <testcase name="doLoginTest" time="11.547" classname="testngprograms.DependsOnMethodsDemo"/>
  <testcase name="doLogoutTest" time="5.159" classname="testngprograms.DependsOnMethodsDemo"/>
</testsuite> <!-- ParametersTest -->
